<?xml version="1.0" encoding="UTF-8"?>
<testng-results ignored="0" total="1" passed="0" failed="1" skipped="0">
  <reporter-output>
  </reporter-output>
  <suite started-at="2021-07-12T13:50:59 IST" name="Default suite" finished-at="2021-07-12T13:51:36 IST" duration-ms="36990">
    <groups>
    </groups>
    <test started-at="2021-07-12T13:50:59 IST" name="Default test" finished-at="2021-07-12T13:51:36 IST" duration-ms="36990">
      <class name="academies.HomePage">
        <test-method is-config="true" signature="init()[pri:0, instance:academies.HomePage@33e01298]" started-at="2021-07-12T13:50:59 IST" name="init" finished-at="2021-07-12T13:51:35 IST" duration-ms="35890" status="PASS">
          <reporter-output>
          </reporter-output>
        </test-method> <!-- init -->
        <test-method signature="basePageNavigation()[pri:0, instance:academies.HomePage@33e01298]" started-at="2021-07-12T13:51:35 IST" name="basePageNavigation" data-provider="getData" finished-at="2021-07-12T13:51:35 IST" duration-ms="0" status="FAIL">
          <exception class="org.testng.TestNGException">
            <message>
              <![CDATA[
Some DataProvider public java.lang.Object[][] academies.HomePage.getData(java.lang.String,java.lang.String,java.lang.String) parameters unresolved:  at 0 type class java.lang.String
 at 1 type class java.lang.String
 at 2 type class java.lang.String
]]>
            </message>
            <full-stacktrace>
              <![CDATA[org.testng.TestNGException: 
Some DataProvider public java.lang.Object[][] academies.HomePage.getData(java.lang.String,java.lang.String,java.lang.String) parameters unresolved:  at 0 type class java.lang.String
 at 1 type class java.lang.String
 at 2 type class java.lang.String

at org.testng.internal.MethodInvocationHelper.getParameters(MethodInvocationHelper.java:220)
at org.testng.internal.MethodInvocationHelper.invokeDataProvider(MethodInvocationHelper.java:145)
at org.testng.internal.Parameters.handleParameters(Parameters.java:798)
at org.testng.internal.Parameters.handleParameters(Parameters.java:740)
at org.testng.internal.ParameterHandler.handleParameters(ParameterHandler.java:59)
at org.testng.internal.ParameterHandler.createParameters(ParameterHandler.java:38)
at org.testng.internal.TestInvoker$MethodInvocationAgent.invoke(TestInvoker.java:791)
at org.testng.internal.TestInvoker.invokeTestMethods(TestInvoker.java:146)
at org.testng.internal.TestMethodWorker.invokeTestMethods(TestMethodWorker.java:146)
at org.testng.internal.TestMethodWorker.run(TestMethodWorker.java:128)
at java.base/java.util.ArrayList.forEach(ArrayList.java:1511)
at org.testng.TestRunner.privateRun(TestRunner.java:794)
at org.testng.TestRunner.run(TestRunner.java:596)
at org.testng.SuiteRunner.runTest(SuiteRunner.java:377)
at org.testng.SuiteRunner.runSequentially(SuiteRunner.java:371)
at org.testng.SuiteRunner.privateRun(SuiteRunner.java:332)
at org.testng.SuiteRunner.run(SuiteRunner.java:276)
at org.testng.SuiteRunnerWorker.runSuite(SuiteRunnerWorker.java:53)
at org.testng.SuiteRunnerWorker.run(SuiteRunnerWorker.java:96)
at org.testng.TestNG.runSuitesSequentially(TestNG.java:1212)
at org.testng.TestNG.runSuitesLocally(TestNG.java:1134)
at org.testng.TestNG.runSuites(TestNG.java:1063)
at org.testng.TestNG.run(TestNG.java:1031)
at org.testng.remote.AbstractRemoteTestNG.run(AbstractRemoteTestNG.java:115)
at org.testng.remote.RemoteTestNG.initAndRun(RemoteTestNG.java:251)
at org.testng.remote.RemoteTestNG.main(RemoteTestNG.java:77)
]]>
            </full-stacktrace>
          </exception> <!-- org.testng.TestNGException -->
          <reporter-output>
          </reporter-output>
        </test-method> <!-- basePageNavigation -->
        <test-method is-config="true" signature="tearDown()[pri:0, instance:academies.HomePage@33e01298]" started-at="2021-07-12T13:51:35 IST" name="tearDown" finished-at="2021-07-12T13:51:36 IST" duration-ms="1052" status="PASS">
          <reporter-output>
          </reporter-output>
        </test-method> <!-- tearDown -->
      </class> <!-- academies.HomePage -->
    </test> <!-- Default test -->
  </suite> <!-- Default suite -->
</testng-results>
